<?xml version="1.0" encoding="UTF-8"?>
<testsuite xmlns:xsi="http://www.w3.org/2001/XMLSchema-instance" xsi:noNamespaceSchemaLocation="https://maven.apache.org/surefire/maven-surefire-plugin/xsd/surefire-test-report-3.0.xsd" version="3.0" name="mk.codeit.earthquake.service.EarthquakeServiceIntegrationTest" time="5.7" tests="12" errors="0" skipped="0" failures="0">
  <properties>
[...]
</properties>
  <testcase name="getById_shouldThrowWhenNotFound" classname="mk.codeit.earthquake.service.EarthquakeServiceIntegrationTest" time="0.245">
    <system-out><![CDATA[02:03:27.180 [main] INFO org.springframework.test.context.support.AnnotationConfigContextLoaderUtils -- Could not detect default configuration classes for test class [mk.codeit.earthquake.service.EarthquakeServiceIntegrationTest]: EarthquakeServiceIntegrationTest does not declare any static, non-private, non-final, nested classes annotated with @Configuration.
02:03:27.286 [main] INFO org.springframework.boot.test.context.SpringBootTestContextBootstrapper -- Found @SpringBootConfiguration mk.codeit.earthquake.EarthquakeApplication for test class mk.codeit.earthquake.service.EarthquakeServiceIntegrationTest

  .   ____          _            __ _ _
 /\\ / ___'_ __ _ _(_)_ __  __ _ \ \ \ \
( ( )\___ | '_ | '_| | '_ \/ _` | \ \ \ \
 \\/  ___)| |_)| | | | | || (_| |  ) ) ) )
  '  |____| .__|_| |_|_| |_\__, | / / / /
 =========|_|==============|___/=/_/_/_/
 :: Spring Boot ::                (v3.2.0)

2026-04-16T02:03:27.619+02:00  INFO 19344 --- [           main] m.c.e.s.EarthquakeServiceIntegrationTest : Starting EarthquakeServiceIntegrationTest using Java 21.0.9 with PID 19344 (started by User in C:\Users\User\Downloads\earthquake-app\earthquake-app\backend)
2026-04-16T02:03:27.619+02:00 DEBUG 19344 --- [           main] m.c.e.s.EarthquakeServiceIntegrationTest : Running with Spring Boot v3.2.0, Spring v6.1.1
2026-04-16T02:03:27.619+02:00  INFO 19344 --- [           main] m.c.e.s.EarthquakeServiceIntegrationTest : The following 1 profile is active: "test"
2026-04-16T02:03:28.272+02:00  INFO 19344 --- [           main] .s.d.r.c.RepositoryConfigurationDelegate : Bootstrapping Spring Data JPA repositories in DEFAULT mode.
2026-04-16T02:03:28.315+02:00  INFO 19344 --- [           main] .s.d.r.c.RepositoryConfigurationDelegate : Finished Spring Data repository scanning in 39 ms. Found 1 JPA repository interface.
2026-04-16T02:03:29.586+02:00  INFO 19344 --- [           main] o.hibernate.jpa.internal.util.LogHelper  : HHH000204: Processing PersistenceUnitInfo [name: default]
2026-04-16T02:03:29.654+02:00  INFO 19344 --- [           main] org.hibernate.Version                    : HHH000412: Hibernate ORM core version 6.3.1.Final
2026-04-16T02:03:29.701+02:00  INFO 19344 --- [           main] o.h.c.internal.RegionFactoryInitiator    : HHH000026: Second-level cache disabled
2026-04-16T02:03:29.827+02:00  INFO 19344 --- [           main] o.s.o.j.p.SpringPersistenceUnitInfo      : No LoadTimeWeaver setup: ignoring JPA class transformer
2026-04-16T02:03:29.859+02:00  INFO 19344 --- [           main] com.zaxxer.hikari.HikariDataSource       : HikariPool-1 - Starting...
2026-04-16T02:03:30.026+02:00  INFO 19344 --- [           main] com.zaxxer.hikari.pool.HikariPool        : HikariPool-1 - Added connection conn0: url=jdbc:h2:mem:testdb user=SA
2026-04-16T02:03:30.026+02:00  INFO 19344 --- [           main] com.zaxxer.hikari.HikariDataSource       : HikariPool-1 - Start completed.
2026-04-16T02:03:30.060+02:00  WARN 19344 --- [           main] org.hibernate.dialect.Dialect            : HHH000511: The 2.2.0 version for [org.hibernate.dialect.PostgreSQLDialect] is no longer supported, hence certain features may not work properly. The minimum supported version is 11.0.0. Check the community dialects project for available legacy versions.
2026-04-16T02:03:30.069+02:00  WARN 19344 --- [           main] org.hibernate.orm.deprecation            : HHH90000025: PostgreSQLDialect does not need to be specified explicitly using 'hibernate.dialect' (remove the property setting and it will be selected by default)
2026-04-16T02:03:30.703+02:00  INFO 19344 --- [           main] o.h.e.t.j.p.i.JtaPlatformInitiator       : HHH000489: No JTA platform available (set 'hibernate.transaction.jta.platform' to enable JTA platform integration)
Hibernate: 
    drop table if exists earthquakes cascade
Hibernate: 
    create table earthquakes (
        depth float(53),
        latitude float(53),
        longitude float(53),
        magnitude float(53) not null,
        fetched_at timestamp(6) with time zone not null,
        id bigserial not null,
        time timestamp(6) with time zone not null,
        mag_type varchar(50),
        place varchar(500) not null,
        title varchar(500) not null,
        usgs_id varchar(255) not null unique,
        primary key (id)
    )
2026-04-16T02:03:30.739+02:00  INFO 19344 --- [           main] j.LocalContainerEntityManagerFactoryBean : Initialized JPA EntityManagerFactory for persistence unit 'default'
2026-04-16T02:03:31.134+02:00  INFO 19344 --- [           main] o.s.d.j.r.query.QueryEnhancerFactory     : Hibernate is in classpath; If applicable, HQL parser will be used.
2026-04-16T02:03:31.679+02:00  WARN 19344 --- [           main] JpaBaseConfiguration$JpaWebConfiguration : spring.jpa.open-in-view is enabled by default. Therefore, database queries may be performed during view rendering. Explicitly configure spring.jpa.open-in-view to disable this warning
2026-04-16T02:03:32.106+02:00  INFO 19344 --- [           main] m.c.e.s.EarthquakeServiceIntegrationTest : Started EarthquakeServiceIntegrationTest in 4.713 seconds (process running for 5.77)
Hibernate: 
    select
        e1_0.id,
        e1_0.depth,
        e1_0.fetched_at,
        e1_0.latitude,
        e1_0.longitude,
        e1_0.mag_type,
        e1_0.magnitude,
        e1_0.place,
        e1_0.time,
        e1_0.title,
        e1_0.usgs_id 
    from
        earthquakes e1_0
Hibernate: 
    insert 
    into
        earthquakes
        (depth, fetched_at, latitude, longitude, mag_type, magnitude, place, time, title, usgs_id) 
    values
        (?, ?, ?, ?, ?, ?, ?, ?, ?, ?)
Hibernate: 
    insert 
    into
        earthquakes
        (depth, fetched_at, latitude, longitude, mag_type, magnitude, place, time, title, usgs_id) 
    values
        (?, ?, ?, ?, ?, ?, ?, ?, ?, ?)
Hibernate: 
    insert 
    into
        earthquakes
        (depth, fetched_at, latitude, longitude, mag_type, magnitude, place, time, title, usgs_id) 
    values
        (?, ?, ?, ?, ?, ?, ?, ?, ?, ?)
Hibernate: 
    select
        e1_0.id,
        e1_0.depth,
        e1_0.fetched_at,
        e1_0.latitude,
        e1_0.longitude,
        e1_0.mag_type,
        e1_0.magnitude,
        e1_0.place,
        e1_0.time,
        e1_0.title,
        e1_0.usgs_id 
    from
        earthquakes e1_0 
    where
        e1_0.id=?
]]></system-out>
    <system-err><![CDATA[WARNING: A Java agent has been loaded dynamically (C:\Users\User\.m2\repository\net\bytebuddy\byte-buddy-agent\1.14.10\byte-buddy-agent-1.14.10.jar)
WARNING: If a serviceability tool is in use, please run with -XX:+EnableDynamicAgentLoading to hide this warning
WARNING: If a serviceability tool is not in use, please run with -Djdk.instrument.traceUsage for more information
WARNING: Dynamic loading of agents will be disallowed by default in a future release
]]></system-err>
  </testcase>
  <testcase name="getById_shouldReturnEarthquake" classname="mk.codeit.earthquake.service.EarthquakeServiceIntegrationTest" time="0.016">
    <system-out><![CDATA[Hibernate: 
    select
        e1_0.id,
        e1_0.depth,
        e1_0.fetched_at,
        e1_0.latitude,
        e1_0.longitude,
        e1_0.mag_type,
        e1_0.magnitude,
        e1_0.place,
        e1_0.time,
        e1_0.title,
        e1_0.usgs_id 
    from
        earthquakes e1_0
Hibernate: 
    insert 
    into
        earthquakes
        (depth, fetched_at, latitude, longitude, mag_type, magnitude, place, time, title, usgs_id) 
    values
        (?, ?, ?, ?, ?, ?, ?, ?, ?, ?)
Hibernate: 
    insert 
    into
        earthquakes
        (depth, fetched_at, latitude, longitude, mag_type, magnitude, place, time, title, usgs_id) 
    values
        (?, ?, ?, ?, ?, ?, ?, ?, ?, ?)
Hibernate: 
    insert 
    into
        earthquakes
        (depth, fetched_at, latitude, longitude, mag_type, magnitude, place, time, title, usgs_id) 
    values
        (?, ?, ?, ?, ?, ?, ?, ?, ?, ?)
]]></system-out>
  </testcase>
  <testcase name="getAfterTime_shouldThrowForNegativeTimestamp" classname="mk.codeit.earthquake.service.EarthquakeServiceIntegrationTest" time="0.01">
    <system-out><![CDATA[Hibernate: 
    select
        e1_0.id,
        e1_0.depth,
        e1_0.fetched_at,
        e1_0.latitude,
        e1_0.longitude,
        e1_0.mag_type,
        e1_0.magnitude,
        e1_0.place,
        e1_0.time,
        e1_0.title,
        e1_0.usgs_id 
    from
        earthquakes e1_0
Hibernate: 
    insert 
    into
        earthquakes
        (depth, fetched_at, latitude, longitude, mag_type, magnitude, place, time, title, usgs_id) 
    values
        (?, ?, ?, ?, ?, ?, ?, ?, ?, ?)
Hibernate: 
    insert 
    into
        earthquakes
        (depth, fetched_at, latitude, longitude, mag_type, magnitude, place, time, title, usgs_id) 
    values
        (?, ?, ?, ?, ?, ?, ?, ?, ?, ?)
Hibernate: 
    insert 
    into
        earthquakes
        (depth, fetched_at, latitude, longitude, mag_type, magnitude, place, time, title, usgs_id) 
    values
        (?, ?, ?, ?, ?, ?, ?, ?, ?, ?)
]]></system-out>
  </testcase>
  <testcase name="getAfterTime_shouldFilterByTime" classname="mk.codeit.earthquake.service.EarthquakeServiceIntegrationTest" time="0.045">
    <system-out><![CDATA[Hibernate: 
    select
        e1_0.id,
        e1_0.depth,
        e1_0.fetched_at,
        e1_0.latitude,
        e1_0.longitude,
        e1_0.mag_type,
        e1_0.magnitude,
        e1_0.place,
        e1_0.time,
        e1_0.title,
        e1_0.usgs_id 
    from
        earthquakes e1_0
Hibernate: 
    insert 
    into
        earthquakes
        (depth, fetched_at, latitude, longitude, mag_type, magnitude, place, time, title, usgs_id) 
    values
        (?, ?, ?, ?, ?, ?, ?, ?, ?, ?)
Hibernate: 
    insert 
    into
        earthquakes
        (depth, fetched_at, latitude, longitude, mag_type, magnitude, place, time, title, usgs_id) 
    values
        (?, ?, ?, ?, ?, ?, ?, ?, ?, ?)
Hibernate: 
    insert 
    into
        earthquakes
        (depth, fetched_at, latitude, longitude, mag_type, magnitude, place, time, title, usgs_id) 
    values
        (?, ?, ?, ?, ?, ?, ?, ?, ?, ?)
Hibernate: 
    select
        e1_0.id,
        e1_0.depth,
        e1_0.fetched_at,
        e1_0.latitude,
        e1_0.longitude,
        e1_0.mag_type,
        e1_0.magnitude,
        e1_0.place,
        e1_0.time,
        e1_0.title,
        e1_0.usgs_id 
    from
        earthquakes e1_0 
    where
        e1_0.time>? 
    order by
        e1_0.time desc
]]></system-out>
  </testcase>
  <testcase name="deleteById_shouldThrowWhenNotFound" classname="mk.codeit.earthquake.service.EarthquakeServiceIntegrationTest" time="0.083">
    <system-out><![CDATA[Hibernate: 
    select
        e1_0.id,
        e1_0.depth,
        e1_0.fetched_at,
        e1_0.latitude,
        e1_0.longitude,
        e1_0.mag_type,
        e1_0.magnitude,
        e1_0.place,
        e1_0.time,
        e1_0.title,
        e1_0.usgs_id 
    from
        earthquakes e1_0
Hibernate: 
    insert 
    into
        earthquakes
        (depth, fetched_at, latitude, longitude, mag_type, magnitude, place, time, title, usgs_id) 
    values
        (?, ?, ?, ?, ?, ?, ?, ?, ?, ?)
Hibernate: 
    insert 
    into
        earthquakes
        (depth, fetched_at, latitude, longitude, mag_type, magnitude, place, time, title, usgs_id) 
    values
        (?, ?, ?, ?, ?, ?, ?, ?, ?, ?)
Hibernate: 
    insert 
    into
        earthquakes
        (depth, fetched_at, latitude, longitude, mag_type, magnitude, place, time, title, usgs_id) 
    values
        (?, ?, ?, ?, ?, ?, ?, ?, ?, ?)
Hibernate: 
    select
        count(*) 
    from
        earthquakes e1_0 
    where
        e1_0.id=?
]]></system-out>
  </testcase>
  <testcase name="getByMinMagnitude_shouldFilterCorrectly" classname="mk.codeit.earthquake.service.EarthquakeServiceIntegrationTest" time="0.015">
    <system-out><![CDATA[Hibernate: 
    select
        e1_0.id,
        e1_0.depth,
        e1_0.fetched_at,
        e1_0.latitude,
        e1_0.longitude,
        e1_0.mag_type,
        e1_0.magnitude,
        e1_0.place,
        e1_0.time,
        e1_0.title,
        e1_0.usgs_id 
    from
        earthquakes e1_0
Hibernate: 
    insert 
    into
        earthquakes
        (depth, fetched_at, latitude, longitude, mag_type, magnitude, place, time, title, usgs_id) 
    values
        (?, ?, ?, ?, ?, ?, ?, ?, ?, ?)
Hibernate: 
    insert 
    into
        earthquakes
        (depth, fetched_at, latitude, longitude, mag_type, magnitude, place, time, title, usgs_id) 
    values
        (?, ?, ?, ?, ?, ?, ?, ?, ?, ?)
Hibernate: 
    insert 
    into
        earthquakes
        (depth, fetched_at, latitude, longitude, mag_type, magnitude, place, time, title, usgs_id) 
    values
        (?, ?, ?, ?, ?, ?, ?, ?, ?, ?)
Hibernate: 
    select
        e1_0.id,
        e1_0.depth,
        e1_0.fetched_at,
        e1_0.latitude,
        e1_0.longitude,
        e1_0.mag_type,
        e1_0.magnitude,
        e1_0.place,
        e1_0.time,
        e1_0.title,
        e1_0.usgs_id 
    from
        earthquakes e1_0 
    where
        e1_0.magnitude>? 
    order by
        e1_0.time desc
]]></system-out>
  </testcase>
  <testcase name="fetchAndStore_shouldClearAndSaveFiltered" classname="mk.codeit.earthquake.service.EarthquakeServiceIntegrationTest" time="0.065">
    <system-out><![CDATA[Hibernate: 
    select
        e1_0.id,
        e1_0.depth,
        e1_0.fetched_at,
        e1_0.latitude,
        e1_0.longitude,
        e1_0.mag_type,
        e1_0.magnitude,
        e1_0.place,
        e1_0.time,
        e1_0.title,
        e1_0.usgs_id 
    from
        earthquakes e1_0
Hibernate: 
    insert 
    into
        earthquakes
        (depth, fetched_at, latitude, longitude, mag_type, magnitude, place, time, title, usgs_id) 
    values
        (?, ?, ?, ?, ?, ?, ?, ?, ?, ?)
Hibernate: 
    insert 
    into
        earthquakes
        (depth, fetched_at, latitude, longitude, mag_type, magnitude, place, time, title, usgs_id) 
    values
        (?, ?, ?, ?, ?, ?, ?, ?, ?, ?)
Hibernate: 
    insert 
    into
        earthquakes
        (depth, fetched_at, latitude, longitude, mag_type, magnitude, place, time, title, usgs_id) 
    values
        (?, ?, ?, ?, ?, ?, ?, ?, ?, ?)
2026-04-16T02:03:32.591+02:00  INFO 19344 --- [           main] m.c.e.s.impl.EarthquakeServiceImpl       : Starting fetch-and-store cycle from USGS API...
2026-04-16T02:03:32.595+02:00  INFO 19344 --- [           main] m.c.e.s.impl.EarthquakeServiceImpl       : Filtered 2 earthquakes with magnitude > 2.0
Hibernate: 
    delete 
    from
        earthquakes
2026-04-16T02:03:32.612+02:00  INFO 19344 --- [           main] m.c.e.s.impl.EarthquakeServiceImpl       : Cleared existing earthquake records
Hibernate: 
    insert 
    into
        earthquakes
        (depth, fetched_at, latitude, longitude, mag_type, magnitude, place, time, title, usgs_id) 
    values
        (?, ?, ?, ?, ?, ?, ?, ?, ?, ?)
Hibernate: 
    insert 
    into
        earthquakes
        (depth, fetched_at, latitude, longitude, mag_type, magnitude, place, time, title, usgs_id) 
    values
        (?, ?, ?, ?, ?, ?, ?, ?, ?, ?)
2026-04-16T02:03:32.620+02:00  INFO 19344 --- [           main] m.c.e.s.impl.EarthquakeServiceImpl       : Saved 2 earthquake records to database
Hibernate: 
    select
        e1_0.id,
        e1_0.depth,
        e1_0.fetched_at,
        e1_0.latitude,
        e1_0.longitude,
        e1_0.mag_type,
        e1_0.magnitude,
        e1_0.place,
        e1_0.time,
        e1_0.title,
        e1_0.usgs_id 
    from
        earthquakes e1_0 
    order by
        e1_0.time desc
]]></system-out>
  </testcase>
  <testcase name="getAfterTime_shouldReturnEmptyWhenNoMatch" classname="mk.codeit.earthquake.service.EarthquakeServiceIntegrationTest" time="0.016">
    <system-out><![CDATA[Hibernate: 
    select
        e1_0.id,
        e1_0.depth,
        e1_0.fetched_at,
        e1_0.latitude,
        e1_0.longitude,
        e1_0.mag_type,
        e1_0.magnitude,
        e1_0.place,
        e1_0.time,
        e1_0.title,
        e1_0.usgs_id 
    from
        earthquakes e1_0
Hibernate: 
    insert 
    into
        earthquakes
        (depth, fetched_at, latitude, longitude, mag_type, magnitude, place, time, title, usgs_id) 
    values
        (?, ?, ?, ?, ?, ?, ?, ?, ?, ?)
Hibernate: 
    insert 
    into
        earthquakes
        (depth, fetched_at, latitude, longitude, mag_type, magnitude, place, time, title, usgs_id) 
    values
        (?, ?, ?, ?, ?, ?, ?, ?, ?, ?)
Hibernate: 
    insert 
    into
        earthquakes
        (depth, fetched_at, latitude, longitude, mag_type, magnitude, place, time, title, usgs_id) 
    values
        (?, ?, ?, ?, ?, ?, ?, ?, ?, ?)
Hibernate: 
    select
        e1_0.id,
        e1_0.depth,
        e1_0.fetched_at,
        e1_0.latitude,
        e1_0.longitude,
        e1_0.mag_type,
        e1_0.magnitude,
        e1_0.place,
        e1_0.time,
        e1_0.title,
        e1_0.usgs_id 
    from
        earthquakes e1_0 
    where
        e1_0.time>? 
    order by
        e1_0.time desc
]]></system-out>
  </testcase>
  <testcase name="getAllEarthquakes_shouldReturnAllOrderedByTimeDesc" classname="mk.codeit.earthquake.service.EarthquakeServiceIntegrationTest" time="0.012">
    <system-out><![CDATA[Hibernate: 
    select
        e1_0.id,
        e1_0.depth,
        e1_0.fetched_at,
        e1_0.latitude,
        e1_0.longitude,
        e1_0.mag_type,
        e1_0.magnitude,
        e1_0.place,
        e1_0.time,
        e1_0.title,
        e1_0.usgs_id 
    from
        earthquakes e1_0
Hibernate: 
    insert 
    into
        earthquakes
        (depth, fetched_at, latitude, longitude, mag_type, magnitude, place, time, title, usgs_id) 
    values
        (?, ?, ?, ?, ?, ?, ?, ?, ?, ?)
Hibernate: 
    insert 
    into
        earthquakes
        (depth, fetched_at, latitude, longitude, mag_type, magnitude, place, time, title, usgs_id) 
    values
        (?, ?, ?, ?, ?, ?, ?, ?, ?, ?)
Hibernate: 
    insert 
    into
        earthquakes
        (depth, fetched_at, latitude, longitude, mag_type, magnitude, place, time, title, usgs_id) 
    values
        (?, ?, ?, ?, ?, ?, ?, ?, ?, ?)
Hibernate: 
    select
        e1_0.id,
        e1_0.depth,
        e1_0.fetched_at,
        e1_0.latitude,
        e1_0.longitude,
        e1_0.mag_type,
        e1_0.magnitude,
        e1_0.place,
        e1_0.time,
        e1_0.title,
        e1_0.usgs_id 
    from
        earthquakes e1_0 
    order by
        e1_0.time desc
]]></system-out>
  </testcase>
  <testcase name="deleteById_shouldDeleteEarthquake" classname="mk.codeit.earthquake.service.EarthquakeServiceIntegrationTest" time="0.035">
    <system-out><![CDATA[Hibernate: 
    select
        e1_0.id,
        e1_0.depth,
        e1_0.fetched_at,
        e1_0.latitude,
        e1_0.longitude,
        e1_0.mag_type,
        e1_0.magnitude,
        e1_0.place,
        e1_0.time,
        e1_0.title,
        e1_0.usgs_id 
    from
        earthquakes e1_0
Hibernate: 
    insert 
    into
        earthquakes
        (depth, fetched_at, latitude, longitude, mag_type, magnitude, place, time, title, usgs_id) 
    values
        (?, ?, ?, ?, ?, ?, ?, ?, ?, ?)
Hibernate: 
    insert 
    into
        earthquakes
        (depth, fetched_at, latitude, longitude, mag_type, magnitude, place, time, title, usgs_id) 
    values
        (?, ?, ?, ?, ?, ?, ?, ?, ?, ?)
Hibernate: 
    insert 
    into
        earthquakes
        (depth, fetched_at, latitude, longitude, mag_type, magnitude, place, time, title, usgs_id) 
    values
        (?, ?, ?, ?, ?, ?, ?, ?, ?, ?)
Hibernate: 
    select
        count(*) 
    from
        earthquakes e1_0 
    where
        e1_0.id=?
2026-04-16T02:03:32.673+02:00  INFO 19344 --- [           main] m.c.e.s.impl.EarthquakeServiceImpl       : Deleted earthquake with id: 30
Hibernate: 
    delete 
    from
        earthquakes 
    where
        id=?
Hibernate: 
    select
        count(*) 
    from
        earthquakes e1_0 
    where
        e1_0.id=?
Hibernate: 
    select
        count(*) 
    from
        earthquakes e1_0
]]></system-out>
  </testcase>
  <testcase name="fetchAndStore_shouldPropagateUsgsException" classname="mk.codeit.earthquake.service.EarthquakeServiceIntegrationTest" time="0.013">
    <system-out><![CDATA[Hibernate: 
    select
        e1_0.id,
        e1_0.depth,
        e1_0.fetched_at,
        e1_0.latitude,
        e1_0.longitude,
        e1_0.mag_type,
        e1_0.magnitude,
        e1_0.place,
        e1_0.time,
        e1_0.title,
        e1_0.usgs_id 
    from
        earthquakes e1_0
Hibernate: 
    insert 
    into
        earthquakes
        (depth, fetched_at, latitude, longitude, mag_type, magnitude, place, time, title, usgs_id) 
    values
        (?, ?, ?, ?, ?, ?, ?, ?, ?, ?)
Hibernate: 
    insert 
    into
        earthquakes
        (depth, fetched_at, latitude, longitude, mag_type, magnitude, place, time, title, usgs_id) 
    values
        (?, ?, ?, ?, ?, ?, ?, ?, ?, ?)
Hibernate: 
    insert 
    into
        earthquakes
        (depth, fetched_at, latitude, longitude, mag_type, magnitude, place, time, title, usgs_id) 
    values
        (?, ?, ?, ?, ?, ?, ?, ?, ?, ?)
2026-04-16T02:03:32.699+02:00  INFO 19344 --- [           main] m.c.e.s.impl.EarthquakeServiceImpl       : Starting fetch-and-store cycle from USGS API...
]]></system-out>
  </testcase>
  <testcase name="getByMinMagnitude_shouldThrowForNegativeMagnitude" classname="mk.codeit.earthquake.service.EarthquakeServiceIntegrationTest" time="0.01">
    <system-out><![CDATA[Hibernate: 
    select
        e1_0.id,
        e1_0.depth,
        e1_0.fetched_at,
        e1_0.latitude,
        e1_0.longitude,
        e1_0.mag_type,
        e1_0.magnitude,
        e1_0.place,
        e1_0.time,
        e1_0.title,
        e1_0.usgs_id 
    from
        earthquakes e1_0
Hibernate: 
    insert 
    into
        earthquakes
        (depth, fetched_at, latitude, longitude, mag_type, magnitude, place, time, title, usgs_id) 
    values
        (?, ?, ?, ?, ?, ?, ?, ?, ?, ?)
Hibernate: 
    insert 
    into
        earthquakes
        (depth, fetched_at, latitude, longitude, mag_type, magnitude, place, time, title, usgs_id) 
    values
        (?, ?, ?, ?, ?, ?, ?, ?, ?, ?)
Hibernate: 
    insert 
    into
        earthquakes
        (depth, fetched_at, latitude, longitude, mag_type, magnitude, place, time, title, usgs_id) 
    values
        (?, ?, ?, ?, ?, ?, ?, ?, ?, ?)
]]></system-out>
  </testcase>
</testsuite>